Release 12.4 Map M.81d (nt64)
Xilinx Mapping Report File for Design 'processor'

Design Information
------------------
Command Line   : map -intstyle ise -p xc6slx16-csg324-2 -w -logic_opt off -ol
high -t 1 -xt 0 -register_duplication off -r 4 -global_opt off -mt off -ir off
-pr off -lc off -power off -o processor_map.ncd processor.ngd processor.pcf 
Target Device  : xc6slx16
Target Package : csg324
Target Speed   : -2
Mapper Version : spartan6 -- $Revision: 1.52.76.2 $
Mapped Date    : Sat Sep 29 20:18:20 2012

Design Summary
--------------
Number of errors:      0
Number of warnings:    2
Slice Logic Utilization:
  Number of Slice Registers:                 1,168 out of  18,224    6%
    Number used as Flip Flops:               1,059
    Number used as Latches:                    109
    Number used as Latch-thrus:                  0
    Number used as AND/OR logics:                0
  Number of Slice LUTs:                        981 out of   9,112   10%
    Number used as logic:                      977 out of   9,112   10%
      Number using O6 output only:             929
      Number using O5 output only:               0
      Number using O5 and O6:                   48
      Number used as ROM:                        0
    Number used as Memory:                       0 out of   2,176    0%
    Number used exclusively as route-thrus:      4
      Number with same-slice register load:      4
      Number with same-slice carry load:         0
      Number with other load:                    0

Slice Logic Distribution:
  Number of occupied Slices:                   536 out of   2,278   23%
  Number of LUT Flip Flop pairs used:        1,644
    Number with an unused Flip Flop:           481 out of   1,644   29%
    Number with an unused LUT:                 663 out of   1,644   40%
    Number of fully used LUT-FF pairs:         500 out of   1,644   30%
    Number of unique control sets:              39
    Number of slice register sites lost
      to control set restrictions:              32 out of  18,224    1%

  A LUT Flip Flop pair for this architecture represents one LUT paired with
  one Flip Flop within a slice.  A control set is a unique combination of
  clock, reset, set, and enable signals for a registered element.
  The Slice Logic Distribution report is not meaningful if the design is
  over-mapped for a non-slice resource or if Placement fails.

IO Utilization:
  Number of bonded IOBs:                       196 out of     232   84%
    IOB Latches:                                 7

Specific Feature Utilization:
  Number of RAMB16BWERs:                         0 out of      32    0%
  Number of RAMB8BWERs:                          0 out of      64    0%
  Number of BUFIO2/BUFIO2_2CLKs:                 0 out of      32    0%
  Number of BUFIO2FB/BUFIO2FB_2CLKs:             0 out of      32    0%
  Number of BUFG/BUFGMUXs:                       3 out of      16   18%
    Number used as BUFGs:                        3
    Number used as BUFGMUX:                      0
  Number of DCM/DCM_CLKGENs:                     0 out of       4    0%
  Number of ILOGIC2/ISERDES2s:                   6 out of     248    2%
    Number used as ILOGIC2s:                     6
    Number used as ISERDES2s:                    0
  Number of IODELAY2/IODRP2/IODRP2_MCBs:         0 out of     248    0%
  Number of OLOGIC2/OSERDES2s:                   1 out of     248    1%
    Number used as OLOGIC2s:                     1
    Number used as OSERDES2s:                    0
  Number of BSCANs:                              0 out of       4    0%
  Number of BUFHs:                               0 out of     128    0%
  Number of BUFPLLs:                             0 out of       8    0%
  Number of BUFPLL_MCBs:                         0 out of       4    0%
  Number of DSP48A1s:                            0 out of      32    0%
  Number of ICAPs:                               0 out of       1    0%
  Number of MCBs:                                0 out of       2    0%
  Number of PCILOGICSEs:                         0 out of       2    0%
  Number of PLL_ADVs:                            0 out of       2    0%
  Number of PMVs:                                0 out of       1    0%
  Number of STARTUPs:                            0 out of       1    0%
  Number of SUSPEND_SYNCs:                       0 out of       1    0%

Average Fanout of Non-Clock Nets:                4.20

Peak Memory Usage:  379 MB
Total REAL time to MAP completion:  2 mins 36 secs 
Total CPU time to MAP completion:   2 mins 35 secs 

Table of Contents
-----------------
Section 1 - Errors
Section 2 - Warnings
Section 3 - Informational
Section 4 - Removed Logic Summary
Section 5 - Removed Logic
Section 6 - IOB Properties
Section 7 - RPMs
Section 8 - Guide Report
Section 9 - Area Group and Partition Summary
Section 10 - Timing Report
Section 11 - Configuration String Information
Section 12 - Control Set Information
Section 13 - Utilization by Hierarchy

Section 1 - Errors
------------------

Section 2 - Warnings
--------------------
WARNING:Security:43 - No license file was found in the standard Xilinx license
directory.
WARNING:Security:44 - No license file was found.
WARNING:Security:42 - Your software subscription period has lapsed. Your current
version of Xilinx tools will continue to function, but you no longer qualify for
Xilinx software updates or new releases.
WARNING:PhysDesignRules:372 - Gated clock. Clock net
   controlunit_imp/GND_47_o_PWR_16_o_OR_26_o is sourced by a combinatorial pin.
   This is not good design practice. Use the CE pin to control the loading of
   data into the flip-flop.
WARNING:PhysDesignRules:372 - Gated clock. Clock net
   controlunit_imp/GND_47_o_current_state[1]_equal_5_o is sourced by a
   combinatorial pin. This is not good design practice. Use the CE pin to
   control the loading of data into the flip-flop.

Section 3 - Informational
-------------------------
INFO:Security:50 - The XILINXD_LICENSE_FILE environment variable is set to
'2100@xilinx.license.idi.ntnu.no'.
INFO:Security:53 - The LM_LICENSE_FILE environment variable is not set.
INFO:Security:54 - 'xc6slx16' is a WebPack part.
INFO:MapLib:562 - No environment variables are currently set.
INFO:LIT:244 - All of the single ended outputs in this design are using slew
   rate limited output drivers. The delay on speed critical single ended outputs
   can be dramatically reduced by designating them as fast outputs.
INFO:Pack:1716 - Initializing temperature to 85.000 Celsius. (default - Range:
   0.000 to 85.000 Celsius)
INFO:Pack:1720 - Initializing voltage to 1.140 Volts. (default - Range: 1.140 to
   1.260 Volts)
INFO:Map:215 - The Interim Design Summary has been generated in the MAP Report
   (.mrp).
INFO:Pack:1650 - Map created a placed design.

Section 4 - Removed Logic Summary
---------------------------------
   1 block(s) optimized away

Section 5 - Removed Logic
-------------------------

Optimized Block(s):
TYPE 		BLOCK
VCC 		XST_VCC

Section 6 - IOB Properties
--------------------------

+---------------------------------------------------------------------------------------------------------------------------------------------------------+
| IOB Name                           | Type             | Direction | IO Standard          | Diff  | Drive    | Slew | Reg (s)      | Resistor | IOB      |
|                                    |                  |           |                      | Term  | Strength | Rate |              |          | Delay    |
+---------------------------------------------------------------------------------------------------------------------------------------------------------+
| clk                                | IOB              | INPUT     | LVCMOS25             |       |          |      |              |          |          |
| dmem_address<0>                    | IOB              | OUTPUT    | LVCMOS25             |       | 12       | SLOW |              |          |          |
| dmem_address<1>                    | IOB              | OUTPUT    | LVCMOS25             |       | 12       | SLOW |              |          |          |
| dmem_address<2>                    | IOB              | OUTPUT    | LVCMOS25             |       | 12       | SLOW |              |          |          |
| dmem_address<3>                    | IOB              | OUTPUT    | LVCMOS25             |       | 12       | SLOW |              |          |          |
| dmem_address<4>                    | IOB              | OUTPUT    | LVCMOS25             |       | 12       | SLOW |              |          |          |
| dmem_address<5>                    | IOB              | OUTPUT    | LVCMOS25             |       | 12       | SLOW |              |          |          |
| dmem_address<6>                    | IOB              | OUTPUT    | LVCMOS25             |       | 12       | SLOW |              |          |          |
| dmem_address<7>                    | IOB              | OUTPUT    | LVCMOS25             |       | 12       | SLOW |              |          |          |
| dmem_address<8>                    | IOB              | OUTPUT    | LVCMOS25             |       | 12       | SLOW |              |          |          |
| dmem_address<9>                    | IOB              | OUTPUT    | LVCMOS25             |       | 12       | SLOW |              |          |          |
| dmem_address<10>                   | IOB              | OUTPUT    | LVCMOS25             |       | 12       | SLOW |              |          |          |
| dmem_address<11>                   | IOB              | OUTPUT    | LVCMOS25             |       | 12       | SLOW |              |          |          |
| dmem_address<12>                   | IOB              | OUTPUT    | LVCMOS25             |       | 12       | SLOW |              |          |          |
| dmem_address<13>                   | IOB              | OUTPUT    | LVCMOS25             |       | 12       | SLOW |              |          |          |
| dmem_address<14>                   | IOB              | OUTPUT    | LVCMOS25             |       | 12       | SLOW |              |          |          |
| dmem_address<15>                   | IOB              | OUTPUT    | LVCMOS25             |       | 12       | SLOW |              |          |          |
| dmem_address<16>                   | IOB              | OUTPUT    | LVCMOS25             |       | 12       | SLOW |              |          |          |
| dmem_address<17>                   | IOB              | OUTPUT    | LVCMOS25             |       | 12       | SLOW |              |          |          |
| dmem_address<18>                   | IOB              | OUTPUT    | LVCMOS25             |       | 12       | SLOW |              |          |          |
| dmem_address<19>                   | IOB              | OUTPUT    | LVCMOS25             |       | 12       | SLOW |              |          |          |
| dmem_address<20>                   | IOB              | OUTPUT    | LVCMOS25             |       | 12       | SLOW |              |          |          |
| dmem_address<21>                   | IOB              | OUTPUT    | LVCMOS25             |       | 12       | SLOW |              |          |          |
| dmem_address<22>                   | IOB              | OUTPUT    | LVCMOS25             |       | 12       | SLOW |              |          |          |
| dmem_address<23>                   | IOB              | OUTPUT    | LVCMOS25             |       | 12       | SLOW |              |          |          |
| dmem_address<24>                   | IOB              | OUTPUT    | LVCMOS25             |       | 12       | SLOW |              |          |          |
| dmem_address<25>                   | IOB              | OUTPUT    | LVCMOS25             |       | 12       | SLOW |              |          |          |
| dmem_address<26>                   | IOB              | OUTPUT    | LVCMOS25             |       | 12       | SLOW |              |          |          |
| dmem_address<27>                   | IOB              | OUTPUT    | LVCMOS25             |       | 12       | SLOW |              |          |          |
| dmem_address<28>                   | IOB              | OUTPUT    | LVCMOS25             |       | 12       | SLOW |              |          |          |
| dmem_address<29>                   | IOB              | OUTPUT    | LVCMOS25             |       | 12       | SLOW |              |          |          |
| dmem_address<30>                   | IOB              | OUTPUT    | LVCMOS25             |       | 12       | SLOW |              |          |          |
| dmem_address<31>                   | IOB              | OUTPUT    | LVCMOS25             |       | 12       | SLOW |              |          |          |
| dmem_address_wr<0>                 | IOB              | OUTPUT    | LVCMOS25             |       | 12       | SLOW |              |          |          |
| dmem_address_wr<1>                 | IOB              | OUTPUT    | LVCMOS25             |       | 12       | SLOW |              |          |          |
| dmem_address_wr<2>                 | IOB              | OUTPUT    | LVCMOS25             |       | 12       | SLOW |              |          |          |
| dmem_address_wr<3>                 | IOB              | OUTPUT    | LVCMOS25             |       | 12       | SLOW |              |          |          |
| dmem_address_wr<4>                 | IOB              | OUTPUT    | LVCMOS25             |       | 12       | SLOW |              |          |          |
| dmem_address_wr<5>                 | IOB              | OUTPUT    | LVCMOS25             |       | 12       | SLOW |              |          |          |
| dmem_address_wr<6>                 | IOB              | OUTPUT    | LVCMOS25             |       | 12       | SLOW |              |          |          |
| dmem_address_wr<7>                 | IOB              | OUTPUT    | LVCMOS25             |       | 12       | SLOW |              |          |          |
| dmem_address_wr<8>                 | IOB              | OUTPUT    | LVCMOS25             |       | 12       | SLOW |              |          |          |
| dmem_address_wr<9>                 | IOB              | OUTPUT    | LVCMOS25             |       | 12       | SLOW |              |          |          |
| dmem_address_wr<10>                | IOB              | OUTPUT    | LVCMOS25             |       | 12       | SLOW |              |          |          |
| dmem_address_wr<11>                | IOB              | OUTPUT    | LVCMOS25             |       | 12       | SLOW |              |          |          |
| dmem_address_wr<12>                | IOB              | OUTPUT    | LVCMOS25             |       | 12       | SLOW |              |          |          |
| dmem_address_wr<13>                | IOB              | OUTPUT    | LVCMOS25             |       | 12       | SLOW |              |          |          |
| dmem_address_wr<14>                | IOB              | OUTPUT    | LVCMOS25             |       | 12       | SLOW |              |          |          |
| dmem_address_wr<15>                | IOB              | OUTPUT    | LVCMOS25             |       | 12       | SLOW |              |          |          |
| dmem_address_wr<16>                | IOB              | OUTPUT    | LVCMOS25             |       | 12       | SLOW |              |          |          |
| dmem_address_wr<17>                | IOB              | OUTPUT    | LVCMOS25             |       | 12       | SLOW |              |          |          |
| dmem_address_wr<18>                | IOB              | OUTPUT    | LVCMOS25             |       | 12       | SLOW |              |          |          |
| dmem_address_wr<19>                | IOB              | OUTPUT    | LVCMOS25             |       | 12       | SLOW |              |          |          |
| dmem_address_wr<20>                | IOB              | OUTPUT    | LVCMOS25             |       | 12       | SLOW |              |          |          |
| dmem_address_wr<21>                | IOB              | OUTPUT    | LVCMOS25             |       | 12       | SLOW |              |          |          |
| dmem_address_wr<22>                | IOB              | OUTPUT    | LVCMOS25             |       | 12       | SLOW |              |          |          |
| dmem_address_wr<23>                | IOB              | OUTPUT    | LVCMOS25             |       | 12       | SLOW |              |          |          |
| dmem_address_wr<24>                | IOB              | OUTPUT    | LVCMOS25             |       | 12       | SLOW |              |          |          |
| dmem_address_wr<25>                | IOB              | OUTPUT    | LVCMOS25             |       | 12       | SLOW |              |          |          |
| dmem_address_wr<26>                | IOB              | OUTPUT    | LVCMOS25             |       | 12       | SLOW |              |          |          |
| dmem_address_wr<27>                | IOB              | OUTPUT    | LVCMOS25             |       | 12       | SLOW |              |          |          |
| dmem_address_wr<28>                | IOB              | OUTPUT    | LVCMOS25             |       | 12       | SLOW |              |          |          |
| dmem_address_wr<29>                | IOB              | OUTPUT    | LVCMOS25             |       | 12       | SLOW |              |          |          |
| dmem_address_wr<30>                | IOB              | OUTPUT    | LVCMOS25             |       | 12       | SLOW |              |          |          |
| dmem_address_wr<31>                | IOB              | OUTPUT    | LVCMOS25             |       | 12       | SLOW |              |          |          |
| dmem_data_in<0>                    | IOB              | INPUT     | LVCMOS25             |       |          |      |              |          |          |
| dmem_data_in<1>                    | IOB              | INPUT     | LVCMOS25             |       |          |      |              |          |          |
| dmem_data_in<2>                    | IOB              | INPUT     | LVCMOS25             |       |          |      |              |          |          |
| dmem_data_in<3>                    | IOB              | INPUT     | LVCMOS25             |       |          |      |              |          |          |
| dmem_data_in<4>                    | IOB              | INPUT     | LVCMOS25             |       |          |      |              |          |          |
| dmem_data_in<5>                    | IOB              | INPUT     | LVCMOS25             |       |          |      |              |          |          |
| dmem_data_in<6>                    | IOB              | INPUT     | LVCMOS25             |       |          |      |              |          |          |
| dmem_data_in<7>                    | IOB              | INPUT     | LVCMOS25             |       |          |      |              |          |          |
| dmem_data_in<8>                    | IOB              | INPUT     | LVCMOS25             |       |          |      |              |          |          |
| dmem_data_in<9>                    | IOB              | INPUT     | LVCMOS25             |       |          |      |              |          |          |
| dmem_data_in<10>                   | IOB              | INPUT     | LVCMOS25             |       |          |      |              |          |          |
| dmem_data_in<11>                   | IOB              | INPUT     | LVCMOS25             |       |          |      |              |          |          |
| dmem_data_in<12>                   | IOB              | INPUT     | LVCMOS25             |       |          |      |              |          |          |
| dmem_data_in<13>                   | IOB              | INPUT     | LVCMOS25             |       |          |      |              |          |          |
| dmem_data_in<14>                   | IOB              | INPUT     | LVCMOS25             |       |          |      |              |          |          |
| dmem_data_in<15>                   | IOB              | INPUT     | LVCMOS25             |       |          |      |              |          |          |
| dmem_data_in<16>                   | IOB              | INPUT     | LVCMOS25             |       |          |      |              |          |          |
| dmem_data_in<17>                   | IOB              | INPUT     | LVCMOS25             |       |          |      |              |          |          |
| dmem_data_in<18>                   | IOB              | INPUT     | LVCMOS25             |       |          |      |              |          |          |
| dmem_data_in<19>                   | IOB              | INPUT     | LVCMOS25             |       |          |      |              |          |          |
| dmem_data_in<20>                   | IOB              | INPUT     | LVCMOS25             |       |          |      |              |          |          |
| dmem_data_in<21>                   | IOB              | INPUT     | LVCMOS25             |       |          |      |              |          |          |
| dmem_data_in<22>                   | IOB              | INPUT     | LVCMOS25             |       |          |      |              |          |          |
| dmem_data_in<23>                   | IOB              | INPUT     | LVCMOS25             |       |          |      |              |          |          |
| dmem_data_in<24>                   | IOB              | INPUT     | LVCMOS25             |       |          |      |              |          |          |
| dmem_data_in<25>                   | IOB              | INPUT     | LVCMOS25             |       |          |      |              |          |          |
| dmem_data_in<26>                   | IOB              | INPUT     | LVCMOS25             |       |          |      |              |          |          |
| dmem_data_in<27>                   | IOB              | INPUT     | LVCMOS25             |       |          |      |              |          |          |
| dmem_data_in<28>                   | IOB              | INPUT     | LVCMOS25             |       |          |      |              |          |          |
| dmem_data_in<29>                   | IOB              | INPUT     | LVCMOS25             |       |          |      |              |          |          |
| dmem_data_in<30>                   | IOB              | INPUT     | LVCMOS25             |       |          |      |              |          |          |
| dmem_data_in<31>                   | IOB              | INPUT     | LVCMOS25             |       |          |      |              |          |          |
| dmem_data_out<0>                   | IOB              | OUTPUT    | LVCMOS25             |       | 12       | SLOW |              |          |          |
| dmem_data_out<1>                   | IOB              | OUTPUT    | LVCMOS25             |       | 12       | SLOW |              |          |          |
| dmem_data_out<2>                   | IOB              | OUTPUT    | LVCMOS25             |       | 12       | SLOW |              |          |          |
| dmem_data_out<3>                   | IOB              | OUTPUT    | LVCMOS25             |       | 12       | SLOW |              |          |          |
| dmem_data_out<4>                   | IOB              | OUTPUT    | LVCMOS25             |       | 12       | SLOW |              |          |          |
| dmem_data_out<5>                   | IOB              | OUTPUT    | LVCMOS25             |       | 12       | SLOW |              |          |          |
| dmem_data_out<6>                   | IOB              | OUTPUT    | LVCMOS25             |       | 12       | SLOW |              |          |          |
| dmem_data_out<7>                   | IOB              | OUTPUT    | LVCMOS25             |       | 12       | SLOW |              |          |          |
| dmem_data_out<8>                   | IOB              | OUTPUT    | LVCMOS25             |       | 12       | SLOW |              |          |          |
| dmem_data_out<9>                   | IOB              | OUTPUT    | LVCMOS25             |       | 12       | SLOW |              |          |          |
| dmem_data_out<10>                  | IOB              | OUTPUT    | LVCMOS25             |       | 12       | SLOW |              |          |          |
| dmem_data_out<11>                  | IOB              | OUTPUT    | LVCMOS25             |       | 12       | SLOW |              |          |          |
| dmem_data_out<12>                  | IOB              | OUTPUT    | LVCMOS25             |       | 12       | SLOW |              |          |          |
| dmem_data_out<13>                  | IOB              | OUTPUT    | LVCMOS25             |       | 12       | SLOW |              |          |          |
| dmem_data_out<14>                  | IOB              | OUTPUT    | LVCMOS25             |       | 12       | SLOW |              |          |          |
| dmem_data_out<15>                  | IOB              | OUTPUT    | LVCMOS25             |       | 12       | SLOW |              |          |          |
| dmem_data_out<16>                  | IOB              | OUTPUT    | LVCMOS25             |       | 12       | SLOW |              |          |          |
| dmem_data_out<17>                  | IOB              | OUTPUT    | LVCMOS25             |       | 12       | SLOW |              |          |          |
| dmem_data_out<18>                  | IOB              | OUTPUT    | LVCMOS25             |       | 12       | SLOW |              |          |          |
| dmem_data_out<19>                  | IOB              | OUTPUT    | LVCMOS25             |       | 12       | SLOW |              |          |          |
| dmem_data_out<20>                  | IOB              | OUTPUT    | LVCMOS25             |       | 12       | SLOW |              |          |          |
| dmem_data_out<21>                  | IOB              | OUTPUT    | LVCMOS25             |       | 12       | SLOW |              |          |          |
| dmem_data_out<22>                  | IOB              | OUTPUT    | LVCMOS25             |       | 12       | SLOW |              |          |          |
| dmem_data_out<23>                  | IOB              | OUTPUT    | LVCMOS25             |       | 12       | SLOW |              |          |          |
| dmem_data_out<24>                  | IOB              | OUTPUT    | LVCMOS25             |       | 12       | SLOW |              |          |          |
| dmem_data_out<25>                  | IOB              | OUTPUT    | LVCMOS25             |       | 12       | SLOW |              |          |          |
| dmem_data_out<26>                  | IOB              | OUTPUT    | LVCMOS25             |       | 12       | SLOW |              |          |          |
| dmem_data_out<27>                  | IOB              | OUTPUT    | LVCMOS25             |       | 12       | SLOW |              |          |          |
| dmem_data_out<28>                  | IOB              | OUTPUT    | LVCMOS25             |       | 12       | SLOW |              |          |          |
| dmem_data_out<29>                  | IOB              | OUTPUT    | LVCMOS25             |       | 12       | SLOW |              |          |          |
| dmem_data_out<30>                  | IOB              | OUTPUT    | LVCMOS25             |       | 12       | SLOW |              |          |          |
| dmem_data_out<31>                  | IOB              | OUTPUT    | LVCMOS25             |       | 12       | SLOW |              |          |          |
| dmem_write_enable                  | IOB              | OUTPUT    | LVCMOS25             |       | 12       | SLOW | OLATCH       |          |          |
| imem_address<0>                    | IOB              | OUTPUT    | LVCMOS25             |       | 12       | SLOW |              |          |          |
| imem_address<1>                    | IOB              | OUTPUT    | LVCMOS25             |       | 12       | SLOW |              |          |          |
| imem_address<2>                    | IOB              | OUTPUT    | LVCMOS25             |       | 12       | SLOW |              |          |          |
| imem_address<3>                    | IOB              | OUTPUT    | LVCMOS25             |       | 12       | SLOW |              |          |          |
| imem_address<4>                    | IOB              | OUTPUT    | LVCMOS25             |       | 12       | SLOW |              |          |          |
| imem_address<5>                    | IOB              | OUTPUT    | LVCMOS25             |       | 12       | SLOW |              |          |          |
| imem_address<6>                    | IOB              | OUTPUT    | LVCMOS25             |       | 12       | SLOW |              |          |          |
| imem_address<7>                    | IOB              | OUTPUT    | LVCMOS25             |       | 12       | SLOW |              |          |          |
| imem_address<8>                    | IOB              | OUTPUT    | LVCMOS25             |       | 12       | SLOW |              |          |          |
| imem_address<9>                    | IOB              | OUTPUT    | LVCMOS25             |       | 12       | SLOW |              |          |          |
| imem_address<10>                   | IOB              | OUTPUT    | LVCMOS25             |       | 12       | SLOW |              |          |          |
| imem_address<11>                   | IOB              | OUTPUT    | LVCMOS25             |       | 12       | SLOW |              |          |          |
| imem_address<12>                   | IOB              | OUTPUT    | LVCMOS25             |       | 12       | SLOW |              |          |          |
| imem_address<13>                   | IOB              | OUTPUT    | LVCMOS25             |       | 12       | SLOW |              |          |          |
| imem_address<14>                   | IOB              | OUTPUT    | LVCMOS25             |       | 12       | SLOW |              |          |          |
| imem_address<15>                   | IOB              | OUTPUT    | LVCMOS25             |       | 12       | SLOW |              |          |          |
| imem_address<16>                   | IOB              | OUTPUT    | LVCMOS25             |       | 12       | SLOW |              |          |          |
| imem_address<17>                   | IOB              | OUTPUT    | LVCMOS25             |       | 12       | SLOW |              |          |          |
| imem_address<18>                   | IOB              | OUTPUT    | LVCMOS25             |       | 12       | SLOW |              |          |          |
| imem_address<19>                   | IOB              | OUTPUT    | LVCMOS25             |       | 12       | SLOW |              |          |          |
| imem_address<20>                   | IOB              | OUTPUT    | LVCMOS25             |       | 12       | SLOW |              |          |          |
| imem_address<21>                   | IOB              | OUTPUT    | LVCMOS25             |       | 12       | SLOW |              |          |          |
| imem_address<22>                   | IOB              | OUTPUT    | LVCMOS25             |       | 12       | SLOW |              |          |          |
| imem_address<23>                   | IOB              | OUTPUT    | LVCMOS25             |       | 12       | SLOW |              |          |          |
| imem_address<24>                   | IOB              | OUTPUT    | LVCMOS25             |       | 12       | SLOW |              |          |          |
| imem_address<25>                   | IOB              | OUTPUT    | LVCMOS25             |       | 12       | SLOW |              |          |          |
| imem_address<26>                   | IOB              | OUTPUT    | LVCMOS25             |       | 12       | SLOW |              |          |          |
| imem_address<27>                   | IOB              | OUTPUT    | LVCMOS25             |       | 12       | SLOW |              |          |          |
| imem_address<28>                   | IOB              | OUTPUT    | LVCMOS25             |       | 12       | SLOW |              |          |          |
| imem_address<29>                   | IOB              | OUTPUT    | LVCMOS25             |       | 12       | SLOW |              |          |          |
| imem_address<30>                   | IOB              | OUTPUT    | LVCMOS25             |       | 12       | SLOW |              |          |          |
| imem_address<31>                   | IOB              | OUTPUT    | LVCMOS25             |       | 12       | SLOW |              |          |          |
| imem_data_in<0>                    | IOB              | INPUT     | LVCMOS25             |       |          |      |              |          |          |
| imem_data_in<1>                    | IOB              | INPUT     | LVCMOS25             |       |          |      |              |          |          |
| imem_data_in<2>                    | IOB              | INPUT     | LVCMOS25             |       |          |      |              |          |          |
| imem_data_in<3>                    | IOB              | INPUT     | LVCMOS25             |       |          |      |              |          |          |
| imem_data_in<4>                    | IOB              | INPUT     | LVCMOS25             |       |          |      |              |          |          |
| imem_data_in<5>                    | IOB              | INPUT     | LVCMOS25             |       |          |      |              |          |          |
| imem_data_in<6>                    | IOB              | INPUT     | LVCMOS25             |       |          |      |              |          |          |
| imem_data_in<7>                    | IOB              | INPUT     | LVCMOS25             |       |          |      |              |          |          |
| imem_data_in<8>                    | IOB              | INPUT     | LVCMOS25             |       |          |      |              |          |          |
| imem_data_in<9>                    | IOB              | INPUT     | LVCMOS25             |       |          |      |              |          |          |
| imem_data_in<10>                   | IOB              | INPUT     | LVCMOS25             |       |          |      |              |          |          |
| imem_data_in<11>                   | IOB              | INPUT     | LVCMOS25             |       |          |      |              |          |          |
| imem_data_in<12>                   | IOB              | INPUT     | LVCMOS25             |       |          |      |              |          |          |
| imem_data_in<13>                   | IOB              | INPUT     | LVCMOS25             |       |          |      |              |          |          |
| imem_data_in<14>                   | IOB              | INPUT     | LVCMOS25             |       |          |      |              |          |          |
| imem_data_in<15>                   | IOB              | INPUT     | LVCMOS25             |       |          |      |              |          |          |
| imem_data_in<16>                   | IOB              | INPUT     | LVCMOS25             |       |          |      |              |          |          |
| imem_data_in<17>                   | IOB              | INPUT     | LVCMOS25             |       |          |      |              |          |          |
| imem_data_in<18>                   | IOB              | INPUT     | LVCMOS25             |       |          |      |              |          |          |
| imem_data_in<19>                   | IOB              | INPUT     | LVCMOS25             |       |          |      |              |          |          |
| imem_data_in<20>                   | IOB              | INPUT     | LVCMOS25             |       |          |      |              |          |          |
| imem_data_in<21>                   | IOB              | INPUT     | LVCMOS25             |       |          |      |              |          |          |
| imem_data_in<22>                   | IOB              | INPUT     | LVCMOS25             |       |          |      |              |          |          |
| imem_data_in<23>                   | IOB              | INPUT     | LVCMOS25             |       |          |      |              |          |          |
| imem_data_in<24>                   | IOB              | INPUT     | LVCMOS25             |       |          |      |              |          |          |
| imem_data_in<25>                   | IOB              | INPUT     | LVCMOS25             |       |          |      |              |          |          |
| imem_data_in<26>                   | IOB              | INPUT     | LVCMOS25             |       |          |      | ILATCH       |          |          |
| imem_data_in<27>                   | IOB              | INPUT     | LVCMOS25             |       |          |      | ILATCH       |          |          |
| imem_data_in<28>                   | IOB              | INPUT     | LVCMOS25             |       |          |      | ILATCH       |          |          |
| imem_data_in<29>                   | IOB              | INPUT     | LVCMOS25             |       |          |      | ILATCH       |          |          |
| imem_data_in<30>                   | IOB              | INPUT     | LVCMOS25             |       |          |      | ILATCH       |          |          |
| imem_data_in<31>                   | IOB              | INPUT     | LVCMOS25             |       |          |      | ILATCH       |          |          |
| processor_enable                   | IOB              | INPUT     | LVCMOS25             |       |          |      |              |          |          |
| reset                              | IOB              | INPUT     | LVCMOS25             |       |          |      |              |          |          |
+---------------------------------------------------------------------------------------------------------------------------------------------------------+

Section 7 - RPMs
----------------

Section 8 - Guide Report
------------------------
Guide not run on this design.

Section 9 - Area Group and Partition Summary
--------------------------------------------

Partition Implementation Status
-------------------------------

  No Partitions were found in this design.

-------------------------------

Area Group Information
----------------------

  No area groups were found in this design.

----------------------

Section 10 - Timing Report
--------------------------
A logic-level (pre-route) timing report can be generated by using Xilinx static
timing analysis tools, Timing Analyzer (GUI) or TRCE (command line), with the
mapped NCD and PCF files. Please note that this timing report will be generated
using estimated delay information. For accurate numbers, please generate a
timing report with the post Place and Route NCD file.

For more information about the Timing Analyzer, consult the Xilinx Timing
Analyzer Reference Manual; for more information about TRCE, consult the Xilinx
Command Line Tools User Guide "TRACE" chapter.

Section 11 - Configuration String Details
-----------------------------------------
Use the "-detail" map option to print out Configuration Strings

Section 12 - Control Set Information
------------------------------------
Use the "-detail" map option to print out Control Set Information.

Section 13 - Utilization by Hierarchy
-------------------------------------
Use the "-detail" map option to print out the Utilization by Hierarchy section.
